<?xml version="1.0" encoding="UTF-8"?>
<testsuite name="ShoppingTest" tests="8" skipped="0" failures="0" errors="0" timestamp="2021-01-21T21:23:33" hostname="DESKTOP-V6ARL4J" time="0.039">
  <properties/>
  <testcase name="addItemAndUpdateSubtotalEmptyCart()" classname="ShoppingTest" time="0.02"/>
  <testcase name="isCartempty_check_cart_isempty()" classname="ShoppingTest" time="0.001"/>
  <testcase name="checkRemoveItem()" classname="ShoppingTest" time="0.001"/>
  <testcase name="addItemAndUpdateQuantity()" classname="ShoppingTest" time="0.001"/>
  <testcase name="checkRemoveItemCheckQuantity()" classname="ShoppingTest" time="0.001"/>
  <testcase name="getCartItems()" classname="ShoppingTest" time="0.001"/>
  <testcase name="addItemAndUpdateSubtotalCartWithItems()" classname="ShoppingTest" time="0.001"/>
  <testcase name="checkHighlightedSales()" classname="ShoppingTest" time="0.001"/>
  <system-out><![CDATA[]]></system-out>
  <system-err><![CDATA[]]></system-err>
</testsuite>
